<?xml version="1.0" encoding="UTF-8"?>
<testsuite xmlns:xsi="http://www.w3.org/2001/XMLSchema-instance" xsi:noNamespaceSchemaLocation="https://maven.apache.org/surefire/maven-surefire-plugin/xsd/surefire-test-report-3.0.xsd" version="3.0" name="com.openclassrooms.tourguide.TestPerformance" time="7.167" tests="2" errors="0" skipped="0" failures="0">
  <properties>
[...]
</properties>
  <testcase name="highVolumeTrackLocation" classname="com.openclassrooms.tourguide.TestPerformance" time="1.432">
    <system-out><![CDATA[2024-10-04T16:03:17.724+02:00  INFO 2565 --- [           main] c.o.tourguide.service.TourGuideService   : TestMode enabled
2024-10-04T16:03:17.725+02:00 DEBUG 2565 --- [           main] c.o.tourguide.service.TourGuideService   : Initializing users
2024-10-04T16:03:17.729+02:00 DEBUG 2565 --- [           main] c.o.tourguide.service.TourGuideService   : Created 100 internal test users.
2024-10-04T16:03:17.729+02:00 DEBUG 2565 --- [           main] c.o.tourguide.service.TourGuideService   : Finished initializing users
2024-10-04T16:03:17.729+02:00 DEBUG 2565 --- [ool-31-thread-1] c.o.tourguide.tracker.Tracker            : Begin Tracker. Tracking 100 users.
2024-10-04T16:03:17.732+02:00 DEBUG 2565 --- [ool-31-thread-1] c.o.tourguide.tracker.Tracker            : Tracker Time Elapsed: 0 seconds.
2024-10-04T16:03:17.732+02:00 DEBUG 2565 --- [ool-31-thread-1] c.o.tourguide.tracker.Tracker            : Tracker sleeping
highVolumeTrackLocation: Time Elapsed: 1 seconds.
]]></system-out>
  </testcase>
  <testcase name="highVolumeGetRewards" classname="com.openclassrooms.tourguide.TestPerformance" time="5.733">
    <system-out><![CDATA[2024-10-04T16:03:19.157+02:00  INFO 2565 --- [           main] c.o.tourguide.service.TourGuideService   : TestMode enabled
2024-10-04T16:03:19.157+02:00 DEBUG 2565 --- [           main] c.o.tourguide.service.TourGuideService   : Initializing users
2024-10-04T16:03:19.161+02:00 DEBUG 2565 --- [           main] c.o.tourguide.service.TourGuideService   : Created 100 internal test users.
2024-10-04T16:03:19.161+02:00 DEBUG 2565 --- [           main] c.o.tourguide.service.TourGuideService   : Finished initializing users
2024-10-04T16:03:19.164+02:00 DEBUG 2565 --- [ool-34-thread-1] c.o.tourguide.tracker.Tracker            : Begin Tracker. Tracking 100 users.
2024-10-04T16:03:19.166+02:00 DEBUG 2565 --- [ool-34-thread-1] c.o.tourguide.tracker.Tracker            : Tracker Time Elapsed: 0 seconds.
2024-10-04T16:03:19.166+02:00 DEBUG 2565 --- [ool-34-thread-1] c.o.tourguide.tracker.Tracker            : Tracker sleeping
highVolumeGetRewards: Time Elapsed: 5 seconds.
]]></system-out>
  </testcase>
</testsuite>